# JRE version: OpenJDK Runtime Environment (8.0_152-b01) (build 1.8.0_152-release-1024-b01)
# Java VM: OpenJDK 64-Bit Server VM (25.152-b01 mixed mode linux-amd64 compressed oops)
Heap:
 PSYoungGen      total 119808K, used 9212K [0x00000000eab00000, 0x00000000f3000000, 0x0000000100000000)
  eden space 110592K, 0% used [0x00000000eab00000,0x00000000eab00000,0x00000000f1700000)
  from space 9216K, 99% used [0x00000000f1e00000,0x00000000f26ff040,0x00000000f2700000)
  to   space 6656K, 0% used [0x00000000f2980000,0x00000000f2980000,0x00000000f3000000)
 ParOldGen       total 33280K, used 11886K [0x00000000c0000000, 0x00000000c2080000, 0x00000000eab00000)
  object space 33280K, 35% used [0x00000000c0000000,0x00000000c0b9b9f8,0x00000000c2080000)
 Metaspace       used 31974K, capacity 32588K, committed 32896K, reserved 1077248K
  class space    used 4299K, capacity 4457K, committed 4480K, reserved 1048576K
GC Heap History (10 events):
Event: 7,215 GC heap after
Heap after GC invocations=5 (full 0):
 PSYoungGen      total 33280K, used 2560K [0x00000000eab00000, 0x00000000ef700000, 0x0000000100000000)
  eden space 30720K, 0% used [0x00000000eab00000,0x00000000eab00000,0x00000000ec900000)
  from space 2560K, 100% used [0x00000000ec900000,0x00000000ecb80000,0x00000000ecb80000)
  to   space 8192K, 0% used [0x00000000eef00000,0x00000000eef00000,0x00000000ef700000)
 ParOldGen       total 40960K, used 8737K [0x00000000c0000000, 0x00000000c2800000, 0x00000000eab00000)
  object space 40960K, 21% used [0x00000000c0000000,0x00000000c0888490,0x00000000c2800000)
 Metaspace       used 17177K, capacity 17546K, committed 17792K, reserved 1064960K
  class space    used 2297K, capacity 2419K, committed 2432K, reserved 1048576K
}
Event: 9,014 GC heap before
{Heap before GC invocations=6 (full 0):
 PSYoungGen      total 33280K, used 33280K [0x00000000eab00000, 0x00000000ef700000, 0x0000000100000000)
  eden space 30720K, 100% used [0x00000000eab00000,0x00000000ec900000,0x00000000ec900000)
  from space 2560K, 100% used [0x00000000ec900000,0x00000000ecb80000,0x00000000ecb80000)
  to   space 8192K, 0% used [0x00000000eef00000,0x00000000eef00000,0x00000000ef700000)
 ParOldGen       total 40960K, used 8737K [0x00000000c0000000, 0x00000000c2800000, 0x00000000eab00000)
  object space 40960K, 21% used [0x00000000c0000000,0x00000000c0888490,0x00000000c2800000)
 Metaspace       used 20526K, capacity 20884K, committed 21120K, reserved 1067008K
  class space    used 2719K, capacity 2843K, committed 2944K, reserved 1048576K
Event: 9,033 GC heap after
Heap after GC invocations=6 (full 0):
 PSYoungGen      total 68608K, used 6550K [0x00000000eab00000, 0x00000000ef900000, 0x0000000100000000)
  eden space 60416K, 0% used [0x00000000eab00000,0x00000000eab00000,0x00000000ee600000)
  from space 8192K, 79% used [0x00000000eef00000,0x00000000ef565b08,0x00000000ef700000)
  to   space 9216K, 0% used [0x00000000ee600000,0x00000000ee600000,0x00000000eef00000)
 ParOldGen       total 40960K, used 8737K [0x00000000c0000000, 0x00000000c2800000, 0x00000000eab00000)
  object space 40960K, 21% used [0x00000000c0000000,0x00000000c0888490,0x00000000c2800000)
 Metaspace       used 20526K, capacity 20884K, committed 21120K, reserved 1067008K
  class space    used 2719K, capacity 2843K, committed 2944K, reserved 1048576K
}
Event: 9,166 GC heap before
{Heap before GC invocations=7 (full 0):
 PSYoungGen      total 68608K, used 8754K [0x00000000eab00000, 0x00000000ef900000, 0x0000000100000000)
  eden space 60416K, 3% used [0x00000000eab00000,0x00000000ead26d80,0x00000000ee600000)
  from space 8192K, 79% used [0x00000000eef00000,0x00000000ef565b08,0x00000000ef700000)
  to   space 9216K, 0% used [0x00000000ee600000,0x00000000ee600000,0x00000000eef00000)
 ParOldGen       total 40960K, used 8737K [0x00000000c0000000, 0x00000000c2800000, 0x00000000eab00000)
  object space 40960K, 21% used [0x00000000c0000000,0x00000000c0888490,0x00000000c2800000)
 Metaspace       used 20810K, capacity 21140K, committed 21296K, reserved 1067008K
  class space    used 2763K, capacity 2907K, committed 2944K, reserved 1048576K
Event: 9,182 GC heap after
Heap after GC invocations=7 (full 0):
 PSYoungGen      total 69632K, used 4183K [0x00000000eab00000, 0x00000000f3200000, 0x0000000100000000)
  eden space 60416K, 0% used [0x00000000eab00000,0x00000000eab00000,0x00000000ee600000)
  from space 9216K, 45% used [0x00000000ee600000,0x00000000eea15da8,0x00000000eef00000)
  to   space 8704K, 0% used [0x00000000f2980000,0x00000000f2980000,0x00000000f3200000)
 ParOldGen       total 40960K, used 8969K [0x00000000c0000000, 0x00000000c2800000, 0x00000000eab00000)
  object space 40960K, 21% used [0x00000000c0000000,0x00000000c08c2490,0x00000000c2800000)
 Metaspace       used 20810K, capacity 21140K, committed 21296K, reserved 1067008K
  class space    used 2763K, capacity 2907K, committed 2944K, reserved 1048576K
}
Event: 9,182 GC heap before
{Heap before GC invocations=8 (full 1):
 PSYoungGen      total 69632K, used 4183K [0x00000000eab00000, 0x00000000f3200000, 0x0000000100000000)
  eden space 60416K, 0% used [0x00000000eab00000,0x00000000eab00000,0x00000000ee600000)
  from space 9216K, 45% used [0x00000000ee600000,0x00000000eea15da8,0x00000000eef00000)
  to   space 8704K, 0% used [0x00000000f2980000,0x00000000f2980000,0x00000000f3200000)
 ParOldGen       total 40960K, used 8969K [0x00000000c0000000, 0x00000000c2800000, 0x00000000eab00000)
  object space 40960K, 21% used [0x00000000c0000000,0x00000000c08c2490,0x00000000c2800000)
 Metaspace       used 20810K, capacity 21140K, committed 21296K, reserved 1067008K
  class space    used 2763K, capacity 2907K, committed 2944K, reserved 1048576K
Event: 9,264 GC heap after
Heap after GC invocations=8 (full 1):
 PSYoungGen      total 69632K, used 0K [0x00000000eab00000, 0x00000000f3200000, 0x0000000100000000)
  eden space 60416K, 0% used [0x00000000eab00000,0x00000000eab00000,0x00000000ee600000)
  from space 9216K, 0% used [0x00000000ee600000,0x00000000ee600000,0x00000000eef00000)
  to   space 8704K, 0% used [0x00000000f2980000,0x00000000f2980000,0x00000000f3200000)
 ParOldGen       total 33280K, used 10322K [0x00000000c0000000, 0x00000000c2080000, 0x00000000eab00000)
  object space 33280K, 31% used [0x00000000c0000000,0x00000000c0a14bb0,0x00000000c2080000)
 Metaspace       used 20810K, capacity 21140K, committed 21296K, reserved 1067008K
  class space    used 2763K, capacity 2907K, committed 2944K, reserved 1048576K
}
Event: 12,121 GC heap before
{Heap before GC invocations=9 (full 1):
 PSYoungGen      total 69632K, used 60416K [0x00000000eab00000, 0x00000000f3200000, 0x0000000100000000)
  eden space 60416K, 100% used [0x00000000eab00000,0x00000000ee600000,0x00000000ee600000)
  from space 9216K, 0% used [0x00000000ee600000,0x00000000ee600000,0x00000000eef00000)
  to   space 8704K, 0% used [0x00000000f2980000,0x00000000f2980000,0x00000000f3200000)
 ParOldGen       total 33280K, used 10322K [0x00000000c0000000, 0x00000000c2080000, 0x00000000eab00000)
  object space 33280K, 31% used [0x00000000c0000000,0x00000000c0a14bb0,0x00000000c2080000)
 Metaspace       used 25620K, capacity 26180K, committed 26496K, reserved 1073152K
  class space    used 3530K, capacity 3708K, committed 3712K, reserved 1048576K
Event: 12,132 GC heap after
Heap after GC invocations=9 (full 1):
 PSYoungGen      total 117248K, used 6378K [0x00000000eab00000, 0x00000000f3000000, 0x0000000100000000)
  eden space 110592K, 0% used [0x00000000eab00000,0x00000000eab00000,0x00000000f1700000)
  from space 6656K, 95% used [0x00000000f2980000,0x00000000f2fbaaa0,0x00000000f3000000)
  to   space 9216K, 0% used [0x00000000f1e00000,0x00000000f1e00000,0x00000000f2700000)
 ParOldGen       total 33280K, used 10322K [0x00000000c0000000, 0x00000000c2080000, 0x00000000eab00000)
  object space 33280K, 31% used [0x00000000c0000000,0x00000000c0a14bb0,0x00000000c2080000)
 Metaspace       used 25620K, capacity 26180K, committed 26496K, reserved 1073152K
  class space    used 3530K, capacity 3708K, committed 3712K, reserved 1048576K
}
Event: 26,355 GC heap before
{Heap before GC invocations=10 (full 1):
 PSYoungGen      total 117248K, used 116970K [0x00000000eab00000, 0x00000000f3000000, 0x0000000100000000)
  eden space 110592K, 100% used [0x00000000eab00000,0x00000000f1700000,0x00000000f1700000)
  from space 6656K, 95% used [0x00000000f2980000,0x00000000f2fbaaa0,0x00000000f3000000)
  to   space 9216K, 0% used [0x00000000f1e00000,0x00000000f1e00000,0x00000000f2700000)
 ParOldGen       total 33280K, used 10322K [0x00000000c0000000, 0x00000000c2080000, 0x00000000eab00000)
  object space 33280K, 31% used [0x00000000c0000000,0x00000000c0a14bb0,0x00000000c2080000)
 Metaspace       used 31974K, capacity 32588K, committed 32896K, reserved 1077248K
  class space    used 4299K, capacity 4457K, committed 4480K, reserved 1048576K

